<?xml version="1.0" encoding="UTF-8"?>
<testsuite name="linkedlist.LinkedListTest" tests="1" skipped="0" failures="0" errors="0" timestamp="2021-05-22T20:07:19" hostname="LAPTOP-LN4L4KQQ" time="0.034">
  <properties/>
  <testcase name="IfLInkedListIsInAscendingOrderReturnTrue()" classname="linkedlist.LinkedListTest" time="0.034"/>
  <system-out><![CDATA[My Nodes: 30->40->56->70
]]></system-out>
  <system-err><![CDATA[]]></system-err>
</testsuite>
