<?xml version="1.0" encoding="UTF-8"?>
<testsuite name="linkedlist.LinkedListTest" tests="1" skipped="0" failures="0" errors="0" timestamp="2021-05-22T19:04:37" hostname="LAPTOP-LN4L4KQQ" time="0.042">
  <properties/>
  <testcase name="PopNodeFromLastShouldReturnTrue()" classname="linkedlist.LinkedListTest" time="0.042"/>
  <system-out><![CDATA[My Nodes: 56->30->70
My Nodes: 56->3070
]]></system-out>
  <system-err><![CDATA[]]></system-err>
</testsuite>
